// 重构日志: ecec9e79
// 重构日志: 6057763c
// 重构日志: 3da43aae
// 重构日志: bac92642
// 同步 ID: 98baf15b @ Sun May 31 15:46:01 UTC 2026
// 重构日志: ce008635
// 重构日志: c4b1fca2
// 重构日志: 646cfd42
// 重构日志: ceb34dc6
// 重构日志: d9781e09
// 重构日志: 3773b8a5
// 同步 ID: 807bf111 @ Sun Jun 14 15:34:45 UTC 2026
// 同步 ID: ee26bbd0 @ Wed Jun 17 00:46:08 UTC 2026
// 重构日志: 5cd3c2dd
// 同步 ID: 14f43d93 @ Sun Jun 21 16:21:32 UTC 2026
// 同步 ID: a79b93f2 @ Tue Jun 23 04:11:08 UTC 2026
// 同步 ID: 0b07d6e0 @ Tue Jun 23 15:09:28 UTC 2026
// 重构日志: 782b2fc3
// 重构日志: 30367bf7
// 重构日志: 092ea078
// 重构日志: 43ba01a8
// 重构日志: c65b0929
// 重构日志: 15303c32
// 重构日志: 03e68913
// 重构日志: 7af40f2d
